<?xml version="1.0" encoding="UTF-8"?>
<!-- Generated by org.testng.reporters.JUnitXMLReporter -->
<testsuite ignored="0" hostname="LAPTOP-CBGGHTUC" failures="0" tests="2" name="Test" time="0.052" errors="0" timestamp="2025-05-10T19:32:28 IST">
  <testcase classname="com.naukri.testclasses.TC_ProfilePageTest" name="@BeforeTest bforTest" time="-1.746885748123E9">
    <failure type="org.testng.TestNGException" message="
Parameter &amp;apos;emailID&amp;apos; is required by BeforeTest on method bforTest but has not been marked @Optional or defined
in D:\Automation Projects\Selenium Projects\Naukri Automation Project\NaukriAutomation\testng.xml">
      <![CDATA[org.testng.TestNGException: 
Parameter 'emailID' is required by BeforeTest on method bforTest but has not been marked @Optional or defined
in D:\Automation Projects\Selenium Projects\Naukri Automation Project\NaukriAutomation\testng.xml
... Removed 21 stack frames]]>
    </failure>
  </testcase> <!-- @BeforeTest bforTest -->
  <testcase classname="com.naukri.testclasses.TC_ProfilePageTest" name="@BeforeClass launchDriver" time="-1.746885748144E9">
    <skipped/>
  </testcase> <!-- @BeforeClass launchDriver -->
  <testcase classname="com.naukri.testclasses.TC_ProfilePageTest" name="@BeforeMethod login" time="-1.746885748153E9">
    <skipped/>
  </testcase> <!-- @BeforeMethod login -->
  <testcase classname="com.naukri.testclasses.TC_ProfilePageTest" name="@AfterMethod logout" time="-1.746885748159E9">
    <skipped/>
  </testcase> <!-- @AfterMethod logout -->
  <testcase classname="com.naukri.testclasses.TC_ProfilePageTest" name="@BeforeMethod login" time="-1.746885748164E9">
    <skipped/>
  </testcase> <!-- @BeforeMethod login -->
  <testcase classname="com.naukri.testclasses.TC_ProfilePageTest" name="@AfterMethod logout" time="-1.746885748167E9">
    <skipped/>
  </testcase> <!-- @AfterMethod logout -->
  <testcase classname="com.naukri.testclasses.TC_ProfilePageTest" name="@AfterClass quitDriver" time="-1.746885748169E9">
    <skipped/>
  </testcase> <!-- @AfterClass quitDriver -->
  <testcase classname="com.naukri.testclasses.TC_ProfilePageTest" name="@AfterTest aftTest" time="-1.74688574817E9">
    <skipped/>
  </testcase> <!-- @AfterTest aftTest -->
  <testcase classname="com.naukri.testclasses.TC_ProfilePageTest" name="updateCareerProfile" time="0.0">
    <skipped/>
  </testcase> <!-- updateCareerProfile -->
  <testcase classname="com.naukri.testclasses.TC_ProfilePageTest" name="updateResume" time="0.0">
    <skipped/>
  </testcase> <!-- updateResume -->
</testsuite> <!-- Test -->
